/hpc/home/lc478/miniconda3/envs/ml_env/lib/python3.11/site-packages/torchvision/datasets/cifar.py:83: VisibleDeprecationWarning: dtype(): align should be passed as Python or NumPy boolean but got `align=0`. Did you mean to pass a tuple to create a subarray type? (Deprecated NumPy 2.4)
  entry = pickle.load(f, encoding="latin1")
[main] Mode=gossip, N=50, dataset=cifar10, rounds=200, agg=clipped_gossip, attack=none
[build_gossip_simulator] Using 1 device(s): ['cuda:0']
Files already downloaded and verified
Files already downloaded and verified
[build_gossip_simulator] devices=['cuda:0'], byz_ids=[], model_size=1068.9 KB

[GossipSimulator] Starting: N=50, byz=0, agg=clipped_gossip, rounds=200
Gossip rounds:   0%|          | 0/200 [00:00<?, ?rd/s]Gossip rounds:   0%|          | 0/200 [01:12<?, ?rd/s]
Traceback (most recent call last):
  File "/work/lc478/GossipRoboFL/main.py", line 114, in <module>
    main()
  File "/work/lc478/GossipRoboFL/main.py", line 92, in main
    simulator.run()
  File "/work/lc478/GossipRoboFL/src/simulator.py", line 130, in run
    round_metrics = self._run_round(round_num)
                    ^^^^^^^^^^^^^^^^^^^^^^^^^^
  File "/work/lc478/GossipRoboFL/src/simulator.py", line 174, in _run_round
    self._parallel_local_train()
  File "/work/lc478/GossipRoboFL/src/simulator.py", line 210, in _parallel_local_train
    list(pool.map(lambda c: c.local_train(), self.clients))
  File "/hpc/home/lc478/miniconda3/envs/ml_env/lib/python3.11/concurrent/futures/_base.py", line 619, in result_iterator
    yield _result_or_cancel(fs.pop())
          ^^^^^^^^^^^^^^^^^^^^^^^^^^^
  File "/hpc/home/lc478/miniconda3/envs/ml_env/lib/python3.11/concurrent/futures/_base.py", line 317, in _result_or_cancel
    return fut.result(timeout)
           ^^^^^^^^^^^^^^^^^^^
  File "/hpc/home/lc478/miniconda3/envs/ml_env/lib/python3.11/concurrent/futures/_base.py", line 451, in result
    self._condition.wait(timeout)
  File "/hpc/home/lc478/miniconda3/envs/ml_env/lib/python3.11/threading.py", line 327, in wait
    waiter.acquire()
KeyboardInterrupt
/hpc/home/lc478/miniconda3/envs/ml_env/lib/python3.11/site-packages/torchvision/datasets/cifar.py:83: VisibleDeprecationWarning: dtype(): align should be passed as Python or NumPy boolean but got `align=0`. Did you mean to pass a tuple to create a subarray type? (Deprecated NumPy 2.4)
  entry = pickle.load(f, encoding="latin1")
[main] Mode=gossip, N=50, dataset=cifar10, rounds=200, agg=clipped_gossip, attack=none
[build_gossip_simulator] Using 1 device(s): ['cuda:0']
Files already downloaded and verified
Files already downloaded and verified
[build_gossip_simulator] devices=['cuda:0'], byz_ids=[], model_size=1068.9 KB

[GossipSimulator] Starting: N=50, byz=0, agg=clipped_gossip, rounds=200
Gossip rounds:   0%|          | 0/200 [00:00<?, ?rd/s]Gossip rounds:   0%|          | 1/200 [08:31<28:17:13, 511.72s/rd]Gossip rounds:   1%|          | 2/200 [09:56<14:19:29, 260.45s/rd]Gossip rounds:   2%|▏         | 3/200 [11:11<9:37:24, 175.86s/rd] Gossip rounds:   2%|▏         | 4/200 [12:31<7:31:22, 138.18s/rd]Gossip rounds:   2%|▎         | 5/200 [13:59<6:30:01, 120.01s/rd]Gossip rounds:   3%|▎         | 6/200 [19:21<10:10:12, 188.72s/rd]Gossip rounds:   4%|▎         | 7/200 [20:36<8:06:45, 151.33s/rd] Gossip rounds:   4%|▍         | 8/200 [21:54<6:50:06, 128.16s/rd]Gossip rounds:   4%|▍         | 9/200 [23:19<6:04:41, 114.56s/rd]Gossip rounds:   5%|▌         | 10/200 [24:39<5:29:22, 104.01s/rd]Gossip rounds:   6%|▌         | 11/200 [30:51<9:46:12, 186.10s/rd]Gossip rounds:   6%|▌         | 11/200 [32:22<9:16:09, 176.56s/rd]
Traceback (most recent call last):
  File "/work/lc478/GossipRoboFL/main.py", line 114, in <module>
    main()
  File "/work/lc478/GossipRoboFL/main.py", line 92, in main
    simulator.run()
  File "/work/lc478/GossipRoboFL/src/simulator.py", line 130, in run
    round_metrics = self._run_round(round_num)
                    ^^^^^^^^^^^^^^^^^^^^^^^^^^
  File "/work/lc478/GossipRoboFL/src/simulator.py", line 174, in _run_round
    self._parallel_local_train()
  File "/work/lc478/GossipRoboFL/src/simulator.py", line 210, in _parallel_local_train
    list(pool.map(lambda c: c.local_train(), self.clients))
  File "/hpc/home/lc478/miniconda3/envs/ml_env/lib/python3.11/concurrent/futures/_base.py", line 619, in result_iterator
    yield _result_or_cancel(fs.pop())
          ^^^^^^^^^^^^^^^^^^^^^^^^^^^
  File "/hpc/home/lc478/miniconda3/envs/ml_env/lib/python3.11/concurrent/futures/_base.py", line 317, in _result_or_cancel
    return fut.result(timeout)
           ^^^^^^^^^^^^^^^^^^^
  File "/hpc/home/lc478/miniconda3/envs/ml_env/lib/python3.11/concurrent/futures/_base.py", line 451, in result
    self._condition.wait(timeout)
  File "/hpc/home/lc478/miniconda3/envs/ml_env/lib/python3.11/threading.py", line 327, in wait
    waiter.acquire()
KeyboardInterrupt
