/hpc/home/lc478/miniconda3/envs/ml_env/lib/python3.11/site-packages/torchvision/datasets/cifar.py:83: VisibleDeprecationWarning: dtype(): align should be passed as Python or NumPy boolean but got `align=0`. Did you mean to pass a tuple to create a subarray type? (Deprecated NumPy 2.4)
  entry = pickle.load(f, encoding="latin1")
Gossip rounds:   0%|          | 0/200 [00:00<?, ?rd/s]Gossip rounds:   0%|          | 0/200 [01:17<?, ?rd/s]
Traceback (most recent call last):
  File "/work/lc478/GossipRoboFL/main.py", line 114, in <module>
    main()
  File "/work/lc478/GossipRoboFL/main.py", line 92, in main
    simulator.run()
  File "/work/lc478/GossipRoboFL/src/simulator.py", line 130, in run
    round_metrics = self._run_round(round_num)
                    ^^^^^^^^^^^^^^^^^^^^^^^^^^
  File "/work/lc478/GossipRoboFL/src/simulator.py", line 180, in _run_round
    new_weights = self._run_gossip_round(weights, self.topology.graph)
                  ^^^^^^^^^^^^^^^^^^^^^^^^^^^^^^^^^^^^^^^^^^^^^^^^^^^^
  File "/work/lc478/GossipRoboFL/src/simulator.py", line 255, in _run_gossip_round
    new_ws = self._gossip_fn(own_ws, neighbor_ws, tau=tau, tau_percentile=tau_pct)
             ^^^^^^^^^^^^^^^^^^^^^^^^^^^^^^^^^^^^^^^^^^^^^^^^^^^^^^^^^^^^^^^^^^^^^
  File "/work/lc478/GossipRoboFL/src/gossip.py", line 254, in ssclip
    tau = compute_tau_auto(all_ws, percentile=tau_percentile)
          ^^^^^^^^^^^^^^^^^^^^^^^^^^^^^^^^^^^^^^^^^^^^^^^^^^^
  File "/work/lc478/GossipRoboFL/src/gossip.py", line 120, in compute_tau_auto
    dists = pairwise_distances(weight_list)
            ^^^^^^^^^^^^^^^^^^^^^^^^^^^^^^^
  File "/work/lc478/GossipRoboFL/src/gossip.py", line 97, in pairwise_distances
    flat = torch.stack([flatten_weights(w) for w in weight_list])  # (N, D)
           ^^^^^^^^^^^^^^^^^^^^^^^^^^^^^^^^^^^^^^^^^^^^^^^^^^^^^^
RuntimeError: Expected all tensors to be on the same device, but found at least two devices, cuda:0 and cuda:2! (when checking argument for argument tensors in method wrapper_CUDA_cat)
